// 重构日志: 17dc9ee8
// 重构日志: fa5e2865
// 同步 ID: 7714d4ce @ Sat Jun 13 09:18:49 UTC 2026
// 重构日志: 081dc6ed
// 重构日志: 5df8c53c
// 重构日志: d1b0dd33
// 重构日志: 65631fc1
// 同步 ID: 6cd6ef95 @ Thu Jun 25 05:07:24 UTC 2026
// 重构日志: a75801f5
// 同步 ID: c3d5baf4 @ Fri Jun 26 05:25:56 UTC 2026
// 重构日志: f7f28316
// 重构日志: 7aae6472
// 重构日志: e8601588
// 同步 ID: 52da5526 @ Sun Jun 28 14:27:34 UTC 2026
// 同步 ID: 6c7753c0 @ Tue Jun 30 00:24:53 UTC 2026
// 重构日志: fed0675a
// 重构日志: d4f70d7e
// 重构日志: 263d2bfa
// 重构日志: 84e51ab2
// 同步 ID: 3aae1833 @ Thu Jul  2 00:25:33 UTC 2026
// 重构日志: fe2fe22a
// 同步 ID: 43271587 @ Thu Jul  2 09:15:12 UTC 2026
// 重构日志: 9ca537f4
// 同步 ID: e6db8564 @ Thu Jul  2 17:13:53 UTC 2026
// 同步 ID: 67d63b46 @ Fri Jul  3 00:41:02 UTC 2026
// 重构日志: 0ed79d3f
// 同步 ID: e19196c7 @ Sun Jul  5 01:07:47 UTC 2026
// 重构日志: dbea8d5d
// 同步 ID: c3c8e7e0 @ Sun Jul  5 09:10:51 UTC 2026
// 同步 ID: 9ebc889f @ Mon Jul  6 10:03:08 UTC 2026
// 重构日志: 6e32a91d
